0 verbose cli /usr/local/bin/node /usr/local/bin/npm
1 info using npm@10.9.2
2 info using node@v22.13.0
3 silly config load:file:/usr/local/lib/node_modules/npm/npmrc
4 silly config load:file:/Users/a0000/nobl-react/.npmrc
5 silly config load:file:/Users/a0000/.npmrc
6 silly config load:file:/usr/local/etc/npmrc
7 verbose title npm i react-router-dom@latest
8 verbose argv "i" "react-router-dom@latest" "--cache" "/Users/a0000/nobl-react/.npm-cache" "--prefer-offline" "--no-audit" "--no-fund"
9 verbose logfile logs-max:10 dir:/Users/a0000/nobl-react/.npm-cache/_logs/2025-10-29T06_09_12_582Z-
10 verbose logfile /Users/a0000/nobl-react/.npm-cache/_logs/2025-10-29T06_09_12_582Z-debug-0.log
11 silly logfile done cleaning log files
12 silly packumentCache heap:4345298944 maxSize:1086324736 maxEntrySize:543162368
13 silly packumentCache corgi:https://registry.npmmirror.com/react-router-dom cache-miss
14 http fetch GET 200 https://registry.npmmirror.com/npm 806ms
15 http fetch GET 200 https://registry.npmmirror.com/react-router-dom 599ms (cache miss)
16 silly packumentCache corgi:https://registry.npmmirror.com/react-router-dom set size:277616 disposed:false
17 silly idealTree buildDeps
18 silly fetch manifest react-router-dom@7.9.4
19 silly packumentCache full:https://registry.npmmirror.com/react-router-dom cache-miss
20 http fetch GET 200 https://registry.npmmirror.com/react-router-dom 502ms (cache miss)
21 silly packumentCache full:https://registry.npmmirror.com/react-router-dom set size:422506 disposed:false
22 silly fetch manifest react@^18.3.1
23 silly packumentCache full:https://registry.npmmirror.com/react cache-miss
24 http fetch GET 200 https://registry.npmmirror.com/react 353ms (cache miss)
25 silly packumentCache full:https://registry.npmmirror.com/react set size:1133927 disposed:false
26 silly fetch manifest react-dom@^18.3.1
27 silly packumentCache full:https://registry.npmmirror.com/react-dom cache-miss
28 http fetch GET 200 https://registry.npmmirror.com/react-dom 431ms (cache miss)
29 silly packumentCache full:https://registry.npmmirror.com/react-dom set size:1276666 disposed:false
30 silly placeDep ROOT react-router-dom@7.9.4 OK for: nobl-react@0.1.0 want: 7.9.4
31 silly fetch manifest react-router@7.9.4
32 silly packumentCache full:https://registry.npmmirror.com/react-router cache-miss
33 http fetch GET 200 https://registry.npmmirror.com/react-router 581ms (cache miss)
34 silly packumentCache full:https://registry.npmmirror.com/react-router set size:496570 disposed:false
35 silly fetch manifest react@>=18
36 silly packumentCache full:https://registry.npmmirror.com/react cache-miss
37 http cache https://registry.npmmirror.com/react 27ms (cache hit)
38 silly packumentCache full:https://registry.npmmirror.com/react set size:5911588 disposed:false
39 silly fetch manifest react-dom@>=18
40 silly packumentCache full:https://registry.npmmirror.com/react-dom cache-miss
41 http cache https://registry.npmmirror.com/react-dom 38ms (cache hit)
42 silly packumentCache full:https://registry.npmmirror.com/react-dom set size:7786065 disposed:false
43 silly placeDep ROOT react-router@7.9.4 OK for: react-router-dom@7.9.4 want: 7.9.4
44 silly fetch manifest cookie@^1.0.1
45 silly packumentCache full:https://registry.npmmirror.com/cookie cache-miss
46 silly fetch manifest set-cookie-parser@^2.6.0
47 silly packumentCache full:https://registry.npmmirror.com/set-cookie-parser cache-miss
48 http fetch GET 200 https://registry.npmmirror.com/cookie 75ms (cache miss)
49 silly packumentCache full:https://registry.npmmirror.com/cookie set size:16138 disposed:false
50 http fetch GET 200 https://registry.npmmirror.com/set-cookie-parser 525ms (cache miss)
51 silly packumentCache full:https://registry.npmmirror.com/set-cookie-parser set size:14081 disposed:false
52 silly placeDep ROOT cookie@1.0.2 OK for: react-router@7.9.4 want: ^1.0.1
53 silly placeDep ROOT set-cookie-parser@2.7.2 OK for: react-router@7.9.4 want: ^2.6.0
54 silly reify moves {}
55 verbose reify failed optional dependency /Users/a0000/nobl-react/node_modules/@rollup/rollup-win32-x64-msvc
56 silly reify mark deleted [
56 silly reify   '/Users/a0000/nobl-react/node_modules/@rollup/rollup-win32-x64-msvc'
56 silly reify ]
57 verbose reify failed optional dependency /Users/a0000/nobl-react/node_modules/@rollup/rollup-win32-x64-gnu
58 silly reify mark deleted [ '/Users/a0000/nobl-react/node_modules/@rollup/rollup-win32-x64-gnu' ]
59 verbose reify failed optional dependency /Users/a0000/nobl-react/node_modules/@rollup/rollup-win32-ia32-msvc
60 silly reify mark deleted [
60 silly reify   '/Users/a0000/nobl-react/node_modules/@rollup/rollup-win32-ia32-msvc'
60 silly reify ]
61 verbose reify failed optional dependency /Users/a0000/nobl-react/node_modules/@rollup/rollup-win32-arm64-msvc
62 silly reify mark deleted [
62 silly reify   '/Users/a0000/nobl-react/node_modules/@rollup/rollup-win32-arm64-msvc'
62 silly reify ]
63 verbose reify failed optional dependency /Users/a0000/nobl-react/node_modules/@rollup/rollup-openharmony-arm64
64 silly reify mark deleted [
64 silly reify   '/Users/a0000/nobl-react/node_modules/@rollup/rollup-openharmony-arm64'
64 silly reify ]
65 verbose reify failed optional dependency /Users/a0000/nobl-react/node_modules/@rollup/rollup-linux-x64-musl
66 silly reify mark deleted [
66 silly reify   '/Users/a0000/nobl-react/node_modules/@rollup/rollup-linux-x64-musl'
66 silly reify ]
67 verbose reify failed optional dependency /Users/a0000/nobl-react/node_modules/@rollup/rollup-linux-x64-gnu
68 silly reify mark deleted [ '/Users/a0000/nobl-react/node_modules/@rollup/rollup-linux-x64-gnu' ]
69 verbose reify failed optional dependency /Users/a0000/nobl-react/node_modules/@rollup/rollup-linux-s390x-gnu
70 silly reify mark deleted [
70 silly reify   '/Users/a0000/nobl-react/node_modules/@rollup/rollup-linux-s390x-gnu'
70 silly reify ]
71 verbose reify failed optional dependency /Users/a0000/nobl-react/node_modules/@rollup/rollup-linux-riscv64-musl
72 silly reify mark deleted [
72 silly reify   '/Users/a0000/nobl-react/node_modules/@rollup/rollup-linux-riscv64-musl'
72 silly reify ]
73 verbose reify failed optional dependency /Users/a0000/nobl-react/node_modules/@rollup/rollup-linux-riscv64-gnu
74 silly reify mark deleted [
74 silly reify   '/Users/a0000/nobl-react/node_modules/@rollup/rollup-linux-riscv64-gnu'
74 silly reify ]
75 verbose reify failed optional dependency /Users/a0000/nobl-react/node_modules/@rollup/rollup-linux-ppc64-gnu
76 silly reify mark deleted [
76 silly reify   '/Users/a0000/nobl-react/node_modules/@rollup/rollup-linux-ppc64-gnu'
76 silly reify ]
77 verbose reify failed optional dependency /Users/a0000/nobl-react/node_modules/@rollup/rollup-linux-loong64-gnu
78 silly reify mark deleted [
78 silly reify   '/Users/a0000/nobl-react/node_modules/@rollup/rollup-linux-loong64-gnu'
78 silly reify ]
79 verbose reify failed optional dependency /Users/a0000/nobl-react/node_modules/@rollup/rollup-linux-arm64-musl
80 silly reify mark deleted [
80 silly reify   '/Users/a0000/nobl-react/node_modules/@rollup/rollup-linux-arm64-musl'
80 silly reify ]
81 verbose reify failed optional dependency /Users/a0000/nobl-react/node_modules/@rollup/rollup-linux-arm64-gnu
82 silly reify mark deleted [
82 silly reify   '/Users/a0000/nobl-react/node_modules/@rollup/rollup-linux-arm64-gnu'
82 silly reify ]
83 verbose reify failed optional dependency /Users/a0000/nobl-react/node_modules/@rollup/rollup-linux-arm-musleabihf
84 silly reify mark deleted [
84 silly reify   '/Users/a0000/nobl-react/node_modules/@rollup/rollup-linux-arm-musleabihf'
84 silly reify ]
85 verbose reify failed optional dependency /Users/a0000/nobl-react/node_modules/@rollup/rollup-linux-arm-gnueabihf
86 silly reify mark deleted [
86 silly reify   '/Users/a0000/nobl-react/node_modules/@rollup/rollup-linux-arm-gnueabihf'
86 silly reify ]
87 verbose reify failed optional dependency /Users/a0000/nobl-react/node_modules/@rollup/rollup-freebsd-x64
88 silly reify mark deleted [ '/Users/a0000/nobl-react/node_modules/@rollup/rollup-freebsd-x64' ]
89 verbose reify failed optional dependency /Users/a0000/nobl-react/node_modules/@rollup/rollup-freebsd-arm64
90 silly reify mark deleted [ '/Users/a0000/nobl-react/node_modules/@rollup/rollup-freebsd-arm64' ]
91 verbose reify failed optional dependency /Users/a0000/nobl-react/node_modules/@rollup/rollup-darwin-arm64
92 silly reify mark deleted [ '/Users/a0000/nobl-react/node_modules/@rollup/rollup-darwin-arm64' ]
93 verbose reify failed optional dependency /Users/a0000/nobl-react/node_modules/@rollup/rollup-android-arm64
94 silly reify mark deleted [ '/Users/a0000/nobl-react/node_modules/@rollup/rollup-android-arm64' ]
95 verbose reify failed optional dependency /Users/a0000/nobl-react/node_modules/@rollup/rollup-android-arm-eabi
96 silly reify mark deleted [
96 silly reify   '/Users/a0000/nobl-react/node_modules/@rollup/rollup-android-arm-eabi'
96 silly reify ]
97 verbose reify failed optional dependency /Users/a0000/nobl-react/node_modules/@esbuild/win32-x64
98 silly reify mark deleted [ '/Users/a0000/nobl-react/node_modules/@esbuild/win32-x64' ]
99 verbose reify failed optional dependency /Users/a0000/nobl-react/node_modules/@esbuild/win32-ia32
100 silly reify mark deleted [ '/Users/a0000/nobl-react/node_modules/@esbuild/win32-ia32' ]
101 verbose reify failed optional dependency /Users/a0000/nobl-react/node_modules/@esbuild/win32-arm64
102 silly reify mark deleted [ '/Users/a0000/nobl-react/node_modules/@esbuild/win32-arm64' ]
103 verbose reify failed optional dependency /Users/a0000/nobl-react/node_modules/@esbuild/sunos-x64
104 silly reify mark deleted [ '/Users/a0000/nobl-react/node_modules/@esbuild/sunos-x64' ]
105 verbose reify failed optional dependency /Users/a0000/nobl-react/node_modules/@esbuild/openbsd-x64
106 silly reify mark deleted [ '/Users/a0000/nobl-react/node_modules/@esbuild/openbsd-x64' ]
107 verbose reify failed optional dependency /Users/a0000/nobl-react/node_modules/@esbuild/netbsd-x64
108 silly reify mark deleted [ '/Users/a0000/nobl-react/node_modules/@esbuild/netbsd-x64' ]
109 verbose reify failed optional dependency /Users/a0000/nobl-react/node_modules/@esbuild/linux-x64
110 silly reify mark deleted [ '/Users/a0000/nobl-react/node_modules/@esbuild/linux-x64' ]
111 verbose reify failed optional dependency /Users/a0000/nobl-react/node_modules/@esbuild/linux-s390x
112 silly reify mark deleted [ '/Users/a0000/nobl-react/node_modules/@esbuild/linux-s390x' ]
113 verbose reify failed optional dependency /Users/a0000/nobl-react/node_modules/@esbuild/linux-riscv64
114 silly reify mark deleted [ '/Users/a0000/nobl-react/node_modules/@esbuild/linux-riscv64' ]
115 verbose reify failed optional dependency /Users/a0000/nobl-react/node_modules/@esbuild/linux-ppc64
116 silly reify mark deleted [ '/Users/a0000/nobl-react/node_modules/@esbuild/linux-ppc64' ]
117 verbose reify failed optional dependency /Users/a0000/nobl-react/node_modules/@esbuild/linux-mips64el
118 silly reify mark deleted [ '/Users/a0000/nobl-react/node_modules/@esbuild/linux-mips64el' ]
119 verbose reify failed optional dependency /Users/a0000/nobl-react/node_modules/@esbuild/linux-loong64
120 silly reify mark deleted [ '/Users/a0000/nobl-react/node_modules/@esbuild/linux-loong64' ]
121 verbose reify failed optional dependency /Users/a0000/nobl-react/node_modules/@esbuild/linux-ia32
122 silly reify mark deleted [ '/Users/a0000/nobl-react/node_modules/@esbuild/linux-ia32' ]
123 verbose reify failed optional dependency /Users/a0000/nobl-react/node_modules/@esbuild/linux-arm64
124 silly reify mark deleted [ '/Users/a0000/nobl-react/node_modules/@esbuild/linux-arm64' ]
125 verbose reify failed optional dependency /Users/a0000/nobl-react/node_modules/@esbuild/linux-arm
126 silly reify mark deleted [ '/Users/a0000/nobl-react/node_modules/@esbuild/linux-arm' ]
127 verbose reify failed optional dependency /Users/a0000/nobl-react/node_modules/@esbuild/freebsd-x64
128 silly reify mark deleted [ '/Users/a0000/nobl-react/node_modules/@esbuild/freebsd-x64' ]
129 verbose reify failed optional dependency /Users/a0000/nobl-react/node_modules/@esbuild/freebsd-arm64
130 silly reify mark deleted [ '/Users/a0000/nobl-react/node_modules/@esbuild/freebsd-arm64' ]
131 verbose reify failed optional dependency /Users/a0000/nobl-react/node_modules/@esbuild/darwin-arm64
132 silly reify mark deleted [ '/Users/a0000/nobl-react/node_modules/@esbuild/darwin-arm64' ]
133 verbose reify failed optional dependency /Users/a0000/nobl-react/node_modules/@esbuild/android-x64
134 silly reify mark deleted [ '/Users/a0000/nobl-react/node_modules/@esbuild/android-x64' ]
135 verbose reify failed optional dependency /Users/a0000/nobl-react/node_modules/@esbuild/android-arm64
136 silly reify mark deleted [ '/Users/a0000/nobl-react/node_modules/@esbuild/android-arm64' ]
137 verbose reify failed optional dependency /Users/a0000/nobl-react/node_modules/@esbuild/android-arm
138 silly reify mark deleted [ '/Users/a0000/nobl-react/node_modules/@esbuild/android-arm' ]
139 verbose reify failed optional dependency /Users/a0000/nobl-react/node_modules/@esbuild/aix-ppc64
140 silly reify mark deleted [ '/Users/a0000/nobl-react/node_modules/@esbuild/aix-ppc64' ]
141 http cache cookie@https://registry.npmmirror.com/cookie/-/cookie-1.0.2.tgz 0ms (cache hit)
142 http cache react-router@https://registry.npmmirror.com/react-router/-/react-router-7.9.4.tgz 0ms (cache hit)
143 silly tarball no local data for cookie@https://registry.npmmirror.com/cookie/-/cookie-1.0.2.tgz. Extracting by manifest.
144 http cache set-cookie-parser@https://registry.npmmirror.com/set-cookie-parser/-/set-cookie-parser-2.7.2.tgz 0ms (cache hit)
145 http cache react-router-dom@https://registry.npmmirror.com/react-router-dom/-/react-router-dom-7.9.4.tgz 0ms (cache hit)
146 silly tarball no local data for react-router@https://registry.npmmirror.com/react-router/-/react-router-7.9.4.tgz. Extracting by manifest.
147 silly tarball no local data for set-cookie-parser@https://registry.npmmirror.com/set-cookie-parser/-/set-cookie-parser-2.7.2.tgz. Extracting by manifest.
148 silly tarball no local data for react-router-dom@https://registry.npmmirror.com/react-router-dom/-/react-router-dom-7.9.4.tgz. Extracting by manifest.
149 http fetch GET 200 https://cdn.npmmirror.com/packages/set-cookie-parser/2.7.2/set-cookie-parser-2.7.2.tgz 993ms (cache miss)
150 http fetch GET 200 https://cdn.npmmirror.com/packages/cookie/1.0.2/cookie-1.0.2.tgz 1028ms (cache miss)
151 http fetch GET 200 https://cdn.npmmirror.com/packages/react-router/7.9.4/react-router-7.9.4.tgz 1410ms (cache miss)
152 http fetch GET 200 https://cdn.npmmirror.com/packages/react-router-dom/7.9.4/react-router-dom-7.9.4.tgz 1875ms (cache miss)
153 silly ADD node_modules/set-cookie-parser
154 silly ADD node_modules/cookie
155 silly ADD node_modules/react-router
156 silly ADD node_modules/react-router-dom
157 silly ADD
158 silly ADD
159 silly ADD
160 silly ADD
161 silly ADD
162 silly ADD
163 silly ADD
164 silly ADD
165 silly ADD
166 silly ADD
167 silly ADD
168 silly ADD
169 silly ADD
170 silly ADD
171 silly ADD
172 silly ADD
173 silly ADD
174 silly ADD
175 silly ADD
176 silly ADD
177 silly ADD
178 silly ADD
179 silly ADD
180 silly ADD
181 silly ADD
182 silly ADD
183 silly ADD
184 silly ADD
185 silly ADD
186 silly ADD
187 silly ADD
188 silly ADD
189 silly ADD
190 silly ADD
191 silly ADD
192 silly ADD
193 silly ADD
194 silly ADD
195 silly ADD
196 silly ADD
197 silly ADD
198 silly ADD
199 silly ADD
200 verbose cwd /Users/a0000/nobl-react
201 verbose os Darwin 24.6.0
202 verbose node v22.13.0
203 verbose npm  v10.9.2
204 notice
204 notice New major version of npm available! 10.9.2 -> 11.6.2
204 notice Changelog: https://github.com/npm/cli/releases/tag/v11.6.2
204 notice To update run: npm install -g npm@11.6.2
204 notice  { force: true, [Symbol(proc-log.meta)]: true }
205 verbose exit 0
206 info ok
